Sun Nov 24 12:12:32 +03 2024: Dependencies installed successfully.
Sun Nov 24 12:13:31 +03 2024: Entered wallet address: TQdSbE6miZmcDqxnKfxgvABNta1kT2LLR6
Sun Nov 24 12:13:32 +03 2024: USDT Token creation process completed.
Sun Nov 24 12:47:28 +03 2024: Dependencies installed successfully.
Sun Nov 24 12:48:29 +03 2024: Entered wallet address: 0xCEBD8dAEda56DCa3fCcaF2d18D4C7F7A053e3Ccf
Sun Nov 24 12:48:29 +03 2024: USDT Token creation process completed.
Sun Nov 24 12:52:32 +03 2024: Dependencies installed successfully.
Sun Nov 24 12:52:43 +03 2024: Entered wallet address: 0xCEBD8dAEda56DCa3fCcaF2d18D4C7F7A053e3Ccf
Sun Nov 24 12:52:43 +03 2024: USDT Token creation process completed.
Sun Nov 24 13:28:42 +03 2024: Dependencies installed successfully.
Sun Nov 24 13:28:58 +03 2024: Entered wallet address: TJopCYAry2QTxKh1dfczed4UPjQ24vWSB7
Sun Nov 24 13:28:58 +03 2024: USDT Token creation process completed.
Sun Nov 24 13:37:16 +03 2024: Dependencies installed successfully.
Sun Nov 24 13:37:27 +03 2024: Entered wallet address: TQdSbE6miZmcDqxnKfxgvABNta1kT2LLR6
Sun Nov 24 13:37:28 +03 2024: USDT Token creation process completed.
Sun Nov 24 08:35:01 AM EST 2024: Dependencies installed successfully.
Sun Nov 24 09:02:18 AM EST 2024: Dependencies installed successfully.
Sun Nov 24 10:27:44 AM EST 2024: Dependencies installed successfully.
Sun Nov 24 10:29:43 AM EST 2024: Entered wallet address: THe1cghGb7KkEgh2CBSjkg5VCtYkYzk5CH
Sun Nov 24 10:29:43 AM EST 2024: USDT Token creation process completed.
Sun Nov 24 10:45:26 AM EST 2024: Dependencies installed successfully.
Sun Nov 24 11:29:55 AM EST 2024: Dependencies installed successfully.
Sun Nov 24 12:44:02 PM EST 2024: Dependencies installed successfully.
Sun Nov 24 12:45:48 PM EST 2024: Entered wallet address: THe1cghGb7KkEgh2CBSjkg5VCtYkYzk5CH
Sun Nov 24 12:45:48 PM EST 2024: USDT Token creation process completed.
Sun Nov 24 07:17:44 PM EST 2024: Dependencies installed successfully.
Sun Nov 24 07:20:55 PM EST 2024: Entered wallet address: 0x4a7e8BF25A332D4c7a901c9C3f3B4CfeCdAAC358
Sun Nov 24 07:20:55 PM EST 2024: USDT Token creation process completed.
